<?xml version="1.0" encoding="UTF-8"?>
<testsuite xmlns:xsi="http://www.w3.org/2001/XMLSchema-instance" xsi:noNamespaceSchemaLocation="https://maven.apache.org/surefire/maven-surefire-plugin/xsd/surefire-test-report.xsd" name="TestSuite" time="286.207" tests="2" errors="0" skipped="0" failures="2">
  <properties>
[...]
</properties>
  <testcase name="count" classname="com.gmail.CountUnreadMail" time="76.651">
    <failure message="unknown error: unable to discover open pages&#10;  (Driver info: chromedriver=2.42.591088 (7b2b2dca23cca0862f674758c9a3933e685c27d5),platform=Windows NT 10.0.17134 x86_64) (WARNING: The server did not provide any stacktrace information)&#10;Command duration or timeout: 69.53 seconds&#10;Build info: version: &apos;3.13.0&apos;, revision: &apos;2f0d292&apos;, time: &apos;2018-06-25T15:24:21.231Z&apos;&#10;System info: host: &apos;DESKTOP-QS8IMHF&apos;, ip: &apos;192.168.1.4&apos;, os.name: &apos;Windows 10&apos;, os.arch: &apos;amd64&apos;, os.version: &apos;10.0&apos;, java.version: &apos;1.8.0_111&apos;&#10;Driver info: driver.version: ChromeDriver" type="org.openqa.selenium.WebDriverException">org.openqa.selenium.WebDriverException: 
unknown error: unable to discover open pages
  (Driver info: chromedriver=2.42.591088 (7b2b2dca23cca0862f674758c9a3933e685c27d5),platform=Windows NT 10.0.17134 x86_64) (WARNING: The server did not provide any stacktrace information)
Command duration or timeout: 69.53 seconds
Build info: version: '3.13.0', revision: '2f0d292', time: '2018-06-25T15:24:21.231Z'
System info: host: 'DESKTOP-QS8IMHF', ip: '192.168.1.4', os.name: 'Windows 10', os.arch: 'amd64', os.version: '10.0', java.version: '1.8.0_111'
Driver info: driver.version: ChromeDriver
	at com.gmail.CountUnreadMail.count(CountUnreadMail.java:16)
</failure>
    <system-err><![CDATA[Starting ChromeDriver 2.42.591088 (7b2b2dca23cca0862f674758c9a3933e685c27d5) on port 47646
Only local connections are allowed.
]]></system-err>
  </testcase>
  <testcase name="displaySenderNameMailSubMailBody" classname="com.gmail.DisplaySenderNameMailSubMailBody" time="113.06">
    <failure message="body not matched expected [testing mail] but found [ - &#10;Hi Sani testing mail Regards]" type="java.lang.AssertionError">java.lang.AssertionError: 
body not matched expected [testing mail] but found [ - 
Hi Sani testing mail Regards]
	at com.gmail.DisplaySenderNameMailSubMailBody.displaySenderNameMailSubMailBody(DisplaySenderNameMailSubMailBody.java:61)
</failure>
    <system-out><![CDATA[sanimondal7@gmail.com
Gmail
 - 
Hi Sani testing mail Regards
]]></system-out>
    <system-err><![CDATA[Starting ChromeDriver 2.42.591088 (7b2b2dca23cca0862f674758c9a3933e685c27d5) on port 5778
Only local connections are allowed.
[1545492324.726][WARNING]: Timed out connecting to Chrome, retrying...
Dec 22, 2018 8:55:37 PM org.openqa.selenium.remote.ProtocolHandshake createSession
INFO: Detected dialect: OSS
]]></system-err>
  </testcase>
</testsuite>